[3.675s] DEBUG:colcon:Command line arguments: ['/usr/bin/colcon', 'build']
[3.675s] DEBUG:colcon:Parsed command line arguments: Namespace(allow_overriding=[], ament_cmake_args=None, base_paths=['.'], build_base='build', catkin_cmake_args=None, catkin_skip_building_tests=False, cmake_args=None, cmake_clean_cache=False, cmake_clean_first=False, cmake_force_configure=False, cmake_target=None, cmake_target_skip_unavailable=False, continue_on_error=False, event_handlers=None, executor='parallel', ignore_user_meta=False, install_base='install', log_base=None, log_level=None, main=<bound method BuildVerb.main of <colcon_core.verb.build.BuildVerb object at 0x7fcca4545130>>, merge_install=False, metas=['./colcon.meta'], packages_above=None, packages_above_and_dependencies=None, packages_above_depth=None, packages_end=None, packages_ignore=None, packages_ignore_regex=None, packages_select=None, packages_select_build_failed=False, packages_select_by_dep=None, packages_select_regex=None, packages_select_test_failures=False, packages_skip=None, packages_skip_build_finished=False, packages_skip_by_dep=None, packages_skip_regex=None, packages_skip_test_passed=False, packages_skip_up_to=None, packages_start=None, packages_up_to=None, packages_up_to_regex=None, parallel_workers=4, paths=None, symlink_install=False, test_result_base=None, verb_extension=<colcon_core.verb.build.BuildVerb object at 0x7fcca4545130>, verb_name='build', verb_parser=<colcon_defaults.argument_parser.defaults.DefaultArgumentsDecorator object at 0x7fcca440d5b0>)
[4.323s] Level 1:colcon.colcon_core.package_discovery:discover_packages(colcon_meta) check parameters
[4.324s] Level 1:colcon.colcon_core.package_discovery:discover_packages(recursive) check parameters
[4.324s] Level 1:colcon.colcon_core.package_discovery:discover_packages(ignore) check parameters
[4.324s] Level 1:colcon.colcon_core.package_discovery:discover_packages(path) check parameters
[4.324s] Level 1:colcon.colcon_core.package_discovery:discover_packages(colcon_meta) discover
[4.324s] Level 1:colcon.colcon_core.package_discovery:discover_packages(recursive) discover
[4.324s] INFO:colcon.colcon_core.package_discovery:Crawling recursively for packages in '/home/serik/allur_ws'
[4.324s] Level 1:colcon.colcon_core.package_identification:_identify(.) by extensions ['ignore', 'ignore_ament_install']
[4.324s] Level 1:colcon.colcon_core.package_identification:_identify(.) by extension 'ignore'
[4.325s] Level 1:colcon.colcon_core.package_identification:_identify(.) by extension 'ignore_ament_install'
[4.325s] Level 1:colcon.colcon_core.package_identification:_identify(.) by extensions ['colcon_pkg']
[4.325s] Level 1:colcon.colcon_core.package_identification:_identify(.) by extension 'colcon_pkg'
[4.325s] Level 1:colcon.colcon_core.package_identification:_identify(.) by extensions ['colcon_meta']
[4.325s] Level 1:colcon.colcon_core.package_identification:_identify(.) by extension 'colcon_meta'
[4.325s] Level 1:colcon.colcon_core.package_identification:_identify(.) by extensions ['ros']
[4.325s] Level 1:colcon.colcon_core.package_identification:_identify(.) by extension 'ros'
[4.386s] Level 1:colcon.colcon_core.package_identification:_identify(.) by extensions ['cmake', 'python']
[4.386s] Level 1:colcon.colcon_core.package_identification:_identify(.) by extension 'cmake'
[4.386s] Level 1:colcon.colcon_core.package_identification:_identify(.) by extension 'python'
[4.386s] Level 1:colcon.colcon_core.package_identification:_identify(.) by extensions ['python_setup_py']
[4.387s] Level 1:colcon.colcon_core.package_identification:_identify(.) by extension 'python_setup_py'
[4.387s] Level 1:colcon.colcon_core.package_identification:_identify(build) by extensions ['ignore', 'ignore_ament_install']
[4.387s] Level 1:colcon.colcon_core.package_identification:_identify(build) by extension 'ignore'
[4.387s] Level 1:colcon.colcon_core.package_identification:_identify(build) ignored
[4.387s] Level 1:colcon.colcon_core.package_identification:_identify(install) by extensions ['ignore', 'ignore_ament_install']
[4.387s] Level 1:colcon.colcon_core.package_identification:_identify(install) by extension 'ignore'
[4.387s] Level 1:colcon.colcon_core.package_identification:_identify(install) ignored
[4.388s] Level 1:colcon.colcon_core.package_identification:_identify(log) by extensions ['ignore', 'ignore_ament_install']
[4.388s] Level 1:colcon.colcon_core.package_identification:_identify(log) by extension 'ignore'
[4.388s] Level 1:colcon.colcon_core.package_identification:_identify(log) ignored
[4.388s] Level 1:colcon.colcon_core.package_identification:_identify(src) by extensions ['ignore', 'ignore_ament_install']
[4.388s] Level 1:colcon.colcon_core.package_identification:_identify(src) by extension 'ignore'
[4.388s] Level 1:colcon.colcon_core.package_identification:_identify(src) by extension 'ignore_ament_install'
[4.388s] Level 1:colcon.colcon_core.package_identification:_identify(src) by extensions ['colcon_pkg']
[4.388s] Level 1:colcon.colcon_core.package_identification:_identify(src) by extension 'colcon_pkg'
[4.389s] Level 1:colcon.colcon_core.package_identification:_identify(src) by extensions ['colcon_meta']
[4.389s] Level 1:colcon.colcon_core.package_identification:_identify(src) by extension 'colcon_meta'
[4.389s] Level 1:colcon.colcon_core.package_identification:_identify(src) by extensions ['ros']
[4.389s] Level 1:colcon.colcon_core.package_identification:_identify(src) by extension 'ros'
[4.389s] Level 1:colcon.colcon_core.package_identification:_identify(src) by extensions ['cmake', 'python']
[4.389s] Level 1:colcon.colcon_core.package_identification:_identify(src) by extension 'cmake'
[4.389s] Level 1:colcon.colcon_core.package_identification:_identify(src) by extension 'python'
[4.389s] Level 1:colcon.colcon_core.package_identification:_identify(src) by extensions ['python_setup_py']
[4.389s] Level 1:colcon.colcon_core.package_identification:_identify(src) by extension 'python_setup_py'
[4.389s] Level 1:colcon.colcon_core.package_identification:_identify(src/my_bot) by extensions ['ignore', 'ignore_ament_install']
[4.390s] Level 1:colcon.colcon_core.package_identification:_identify(src/my_bot) by extension 'ignore'
[4.390s] Level 1:colcon.colcon_core.package_identification:_identify(src/my_bot) by extension 'ignore_ament_install'
[4.390s] Level 1:colcon.colcon_core.package_identification:_identify(src/my_bot) by extensions ['colcon_pkg']
[4.390s] Level 1:colcon.colcon_core.package_identification:_identify(src/my_bot) by extension 'colcon_pkg'
[4.390s] Level 1:colcon.colcon_core.package_identification:_identify(src/my_bot) by extensions ['colcon_meta']
[4.390s] Level 1:colcon.colcon_core.package_identification:_identify(src/my_bot) by extension 'colcon_meta'
[4.390s] Level 1:colcon.colcon_core.package_identification:_identify(src/my_bot) by extensions ['ros']
[4.390s] Level 1:colcon.colcon_core.package_identification:_identify(src/my_bot) by extension 'ros'
[4.416s] DEBUG:colcon.colcon_core.package_identification:Package 'src/my_bot' with type 'ros.ament_cmake' and name 'my_bot'
[4.416s] Level 1:colcon.colcon_core.package_discovery:discover_packages(recursive) using defaults
[4.416s] Level 1:colcon.colcon_core.package_discovery:discover_packages(ignore) discover
[4.416s] Level 1:colcon.colcon_core.package_discovery:discover_packages(ignore) using defaults
[4.416s] Level 1:colcon.colcon_core.package_discovery:discover_packages(path) discover
[4.416s] Level 1:colcon.colcon_core.package_discovery:discover_packages(path) using defaults
[4.492s] Level 1:colcon.colcon_core.package_discovery:discover_packages(prefix_path) check parameters
[4.492s] Level 1:colcon.colcon_core.package_discovery:discover_packages(prefix_path) discover
[4.496s] DEBUG:colcon.colcon_installed_package_information.package_discovery:Found 1 installed packages in /home/serik/allur_ws/install
[4.538s] DEBUG:colcon.colcon_installed_package_information.package_discovery:Found 300 installed packages in /opt/ros/foxy
[4.542s] Level 1:colcon.colcon_core.package_discovery:discover_packages(prefix_path) using defaults
[7.289s] Level 5:colcon.colcon_core.verb:set package 'my_bot' build argument 'cmake_args' from command line to 'None'
[7.289s] Level 5:colcon.colcon_core.verb:set package 'my_bot' build argument 'cmake_target' from command line to 'None'
[7.289s] Level 5:colcon.colcon_core.verb:set package 'my_bot' build argument 'cmake_target_skip_unavailable' from command line to 'False'
[7.289s] Level 5:colcon.colcon_core.verb:set package 'my_bot' build argument 'cmake_clean_cache' from command line to 'False'
[7.289s] Level 5:colcon.colcon_core.verb:set package 'my_bot' build argument 'cmake_clean_first' from command line to 'False'
[7.289s] Level 5:colcon.colcon_core.verb:set package 'my_bot' build argument 'cmake_force_configure' from command line to 'False'
[7.289s] Level 5:colcon.colcon_core.verb:set package 'my_bot' build argument 'ament_cmake_args' from command line to 'None'
[7.289s] Level 5:colcon.colcon_core.verb:set package 'my_bot' build argument 'catkin_cmake_args' from command line to 'None'
[7.289s] Level 5:colcon.colcon_core.verb:set package 'my_bot' build argument 'catkin_skip_building_tests' from command line to 'False'
[7.289s] DEBUG:colcon.colcon_core.verb:Building package 'my_bot' with the following arguments: {'ament_cmake_args': None, 'build_base': '/home/serik/allur_ws/build/my_bot', 'catkin_cmake_args': None, 'catkin_skip_building_tests': False, 'cmake_args': None, 'cmake_clean_cache': False, 'cmake_clean_first': False, 'cmake_force_configure': False, 'cmake_target': None, 'cmake_target_skip_unavailable': False, 'install_base': '/home/serik/allur_ws/install/my_bot', 'merge_install': False, 'path': '/home/serik/allur_ws/src/my_bot', 'symlink_install': False, 'test_result_base': None}
[7.290s] INFO:colcon.colcon_core.executor:Executing jobs using 'parallel' executor
[7.291s] DEBUG:colcon.colcon_parallel_executor.executor.parallel:run_until_complete
[7.292s] INFO:colcon.colcon_ros.task.ament_cmake.build:Building ROS package in '/home/serik/allur_ws/src/my_bot' with build type 'ament_cmake'
[7.292s] INFO:colcon.colcon_cmake.task.cmake.build:Building CMake package in '/home/serik/allur_ws/src/my_bot'
[7.327s] INFO:colcon.colcon_core.plugin_system:Skipping extension 'colcon_core.shell.bat': Not used on non-Windows systems
[7.327s] INFO:colcon.colcon_core.shell:Skip shell extension 'powershell' for command environment: Not usable outside of PowerShell
[7.327s] DEBUG:colcon.colcon_core.shell:Skip shell extension 'dsv' for command environment
[7.373s] DEBUG:colcon.colcon_core.event_handler.log_command:Invoking command in '/home/serik/allur_ws/build/my_bot': CMAKE_PREFIX_PATH=${CMAKE_PREFIX_PATH}:/opt/ros/foxy /usr/bin/cmake --build /home/serik/allur_ws/build/my_bot -- -j4 -l4
[7.965s] DEBUG:colcon.colcon_core.event_handler.log_command:Invoked command in '/home/serik/allur_ws/build/my_bot' returned '0': CMAKE_PREFIX_PATH=${CMAKE_PREFIX_PATH}:/opt/ros/foxy /usr/bin/cmake --build /home/serik/allur_ws/build/my_bot -- -j4 -l4
[8.050s] DEBUG:colcon.colcon_core.event_handler.log_command:Invoking command in '/home/serik/allur_ws/build/my_bot': CMAKE_PREFIX_PATH=${CMAKE_PREFIX_PATH}:/opt/ros/foxy /usr/bin/cmake --install /home/serik/allur_ws/build/my_bot
[8.073s] Level 1:colcon.colcon_core.environment:create_environment_scripts_only(my_bot)
[8.091s] DEBUG:colcon.colcon_core.event_handler.log_command:Invoked command in '/home/serik/allur_ws/build/my_bot' returned '0': CMAKE_PREFIX_PATH=${CMAKE_PREFIX_PATH}:/opt/ros/foxy /usr/bin/cmake --install /home/serik/allur_ws/build/my_bot
[8.175s] Level 1:colcon.colcon_core.environment:checking '/home/serik/allur_ws/install/my_bot' for CMake module files
[8.176s] Level 1:colcon.colcon_core.environment:checking '/home/serik/allur_ws/install/my_bot' for CMake config files
[8.177s] Level 1:colcon.colcon_core.shell:create_environment_hook('my_bot', 'cmake_prefix_path')
[8.177s] INFO:colcon.colcon_core.shell:Creating environment hook '/home/serik/allur_ws/install/my_bot/share/my_bot/hook/cmake_prefix_path.ps1'
[8.197s] INFO:colcon.colcon_core.shell:Creating environment descriptor '/home/serik/allur_ws/install/my_bot/share/my_bot/hook/cmake_prefix_path.dsv'
[8.198s] INFO:colcon.colcon_core.shell:Creating environment hook '/home/serik/allur_ws/install/my_bot/share/my_bot/hook/cmake_prefix_path.sh'
[8.199s] Level 1:colcon.colcon_core.environment:checking '/home/serik/allur_ws/install/my_bot/bin'
[8.200s] Level 1:colcon.colcon_core.environment:checking '/home/serik/allur_ws/install/my_bot/lib/pkgconfig/my_bot.pc'
[8.200s] Level 1:colcon.colcon_core.environment:checking '/home/serik/allur_ws/install/my_bot/lib/python3.8/site-packages'
[8.200s] Level 1:colcon.colcon_core.environment:checking '/home/serik/allur_ws/install/my_bot/bin'
[8.201s] INFO:colcon.colcon_core.shell:Creating package script '/home/serik/allur_ws/install/my_bot/share/my_bot/package.ps1'
[8.202s] INFO:colcon.colcon_core.shell:Creating package descriptor '/home/serik/allur_ws/install/my_bot/share/my_bot/package.dsv'
[8.203s] INFO:colcon.colcon_core.shell:Creating package script '/home/serik/allur_ws/install/my_bot/share/my_bot/package.sh'
[8.204s] INFO:colcon.colcon_core.shell:Creating package script '/home/serik/allur_ws/install/my_bot/share/my_bot/package.bash'
[8.214s] INFO:colcon.colcon_core.shell:Creating package script '/home/serik/allur_ws/install/my_bot/share/my_bot/package.zsh'
[8.234s] Level 1:colcon.colcon_core.environment:create_file_with_runtime_dependencies(/home/serik/allur_ws/install/my_bot/share/colcon-core/packages/my_bot)
[8.312s] Level 1:colcon.colcon_core.environment:create_environment_scripts_only(my_bot)
[8.312s] Level 1:colcon.colcon_core.environment:checking '/home/serik/allur_ws/install/my_bot' for CMake module files
[8.313s] Level 1:colcon.colcon_core.environment:checking '/home/serik/allur_ws/install/my_bot' for CMake config files
[8.314s] Level 1:colcon.colcon_core.shell:create_environment_hook('my_bot', 'cmake_prefix_path')
[8.314s] INFO:colcon.colcon_core.shell:Creating environment hook '/home/serik/allur_ws/install/my_bot/share/my_bot/hook/cmake_prefix_path.ps1'
[8.316s] INFO:colcon.colcon_core.shell:Creating environment descriptor '/home/serik/allur_ws/install/my_bot/share/my_bot/hook/cmake_prefix_path.dsv'
[8.316s] INFO:colcon.colcon_core.shell:Creating environment hook '/home/serik/allur_ws/install/my_bot/share/my_bot/hook/cmake_prefix_path.sh'
[8.317s] Level 1:colcon.colcon_core.environment:checking '/home/serik/allur_ws/install/my_bot/bin'
[8.317s] Level 1:colcon.colcon_core.environment:checking '/home/serik/allur_ws/install/my_bot/lib/pkgconfig/my_bot.pc'
[8.318s] Level 1:colcon.colcon_core.environment:checking '/home/serik/allur_ws/install/my_bot/lib/python3.8/site-packages'
[8.318s] Level 1:colcon.colcon_core.environment:checking '/home/serik/allur_ws/install/my_bot/bin'
[8.319s] INFO:colcon.colcon_core.shell:Creating package script '/home/serik/allur_ws/install/my_bot/share/my_bot/package.ps1'
[8.320s] INFO:colcon.colcon_core.shell:Creating package descriptor '/home/serik/allur_ws/install/my_bot/share/my_bot/package.dsv'
[8.320s] INFO:colcon.colcon_core.shell:Creating package script '/home/serik/allur_ws/install/my_bot/share/my_bot/package.sh'
[8.321s] INFO:colcon.colcon_core.shell:Creating package script '/home/serik/allur_ws/install/my_bot/share/my_bot/package.bash'
[8.322s] INFO:colcon.colcon_core.shell:Creating package script '/home/serik/allur_ws/install/my_bot/share/my_bot/package.zsh'
[8.322s] Level 1:colcon.colcon_core.environment:create_file_with_runtime_dependencies(/home/serik/allur_ws/install/my_bot/share/colcon-core/packages/my_bot)
[8.323s] DEBUG:colcon.colcon_parallel_executor.executor.parallel:closing loop
[8.323s] DEBUG:colcon.colcon_parallel_executor.executor.parallel:loop closed
[8.323s] DEBUG:colcon.colcon_parallel_executor.executor.parallel:run_until_complete finished with '0'
[8.323s] DEBUG:colcon.colcon_core.event_reactor:joining thread
[8.370s] INFO:colcon.colcon_core.plugin_system:Skipping extension 'colcon_notification.desktop_notification.terminal_notifier': Not used on non-Darwin systems
[8.370s] INFO:colcon.colcon_core.plugin_system:Skipping extension 'colcon_notification.desktop_notification.win32': Not used on non-Windows systems
[8.370s] INFO:colcon.colcon_notification.desktop_notification:Sending desktop notification using 'notify2'
[8.395s] DEBUG:colcon.colcon_core.event_reactor:joined thread
[8.396s] INFO:colcon.colcon_core.shell:Creating prefix script '/home/serik/allur_ws/install/local_setup.ps1'
[8.398s] INFO:colcon.colcon_core.shell:Creating prefix util module '/home/serik/allur_ws/install/_local_setup_util_ps1.py'
[8.401s] INFO:colcon.colcon_core.shell:Creating prefix chain script '/home/serik/allur_ws/install/setup.ps1'
[8.403s] INFO:colcon.colcon_core.shell:Creating prefix script '/home/serik/allur_ws/install/local_setup.sh'
[8.405s] INFO:colcon.colcon_core.shell:Creating prefix util module '/home/serik/allur_ws/install/_local_setup_util_sh.py'
[8.406s] INFO:colcon.colcon_core.shell:Creating prefix chain script '/home/serik/allur_ws/install/setup.sh'
[8.407s] INFO:colcon.colcon_core.shell:Creating prefix script '/home/serik/allur_ws/install/local_setup.bash'
[8.408s] INFO:colcon.colcon_core.shell:Creating prefix chain script '/home/serik/allur_ws/install/setup.bash'
[8.410s] INFO:colcon.colcon_core.shell:Creating prefix script '/home/serik/allur_ws/install/local_setup.zsh'
[8.411s] INFO:colcon.colcon_core.shell:Creating prefix chain script '/home/serik/allur_ws/install/setup.zsh'
