[2.053s] DEBUG:colcon:Command line arguments: ['/usr/bin/colcon', 'build']
[2.053s] DEBUG:colcon:Parsed command line arguments: Namespace(allow_overriding=[], ament_cmake_args=None, base_paths=['.'], build_base='build', catkin_cmake_args=None, catkin_skip_building_tests=False, cmake_args=None, cmake_clean_cache=False, cmake_clean_first=False, cmake_force_configure=False, cmake_target=None, cmake_target_skip_unavailable=False, continue_on_error=False, event_handlers=None, executor='parallel', ignore_user_meta=False, install_base='install', log_base=None, log_level=None, main=<bound method BuildVerb.main of <colcon_core.verb.build.BuildVerb object at 0x7f8bb0de5130>>, merge_install=False, metas=['./colcon.meta'], packages_above=None, packages_above_and_dependencies=None, packages_above_depth=None, packages_end=None, packages_ignore=None, packages_ignore_regex=None, packages_select=None, packages_select_build_failed=False, packages_select_by_dep=None, packages_select_regex=None, packages_select_test_failures=False, packages_skip=None, packages_skip_build_finished=False, packages_skip_by_dep=None, packages_skip_regex=None, packages_skip_test_passed=False, packages_skip_up_to=None, packages_start=None, packages_up_to=None, packages_up_to_regex=None, parallel_workers=4, paths=None, symlink_install=False, test_result_base=None, verb_extension=<colcon_core.verb.build.BuildVerb object at 0x7f8bb0de5130>, verb_name='build', verb_parser=<colcon_defaults.argument_parser.defaults.DefaultArgumentsDecorator object at 0x7f8bb0cad5b0>)
[2.710s] Level 1:colcon.colcon_core.package_discovery:discover_packages(colcon_meta) check parameters
[2.710s] Level 1:colcon.colcon_core.package_discovery:discover_packages(recursive) check parameters
[2.710s] Level 1:colcon.colcon_core.package_discovery:discover_packages(ignore) check parameters
[2.710s] Level 1:colcon.colcon_core.package_discovery:discover_packages(path) check parameters
[2.710s] Level 1:colcon.colcon_core.package_discovery:discover_packages(colcon_meta) discover
[2.710s] Level 1:colcon.colcon_core.package_discovery:discover_packages(recursive) discover
[2.710s] INFO:colcon.colcon_core.package_discovery:Crawling recursively for packages in '/home/serik/allur_ws'
[2.711s] Level 1:colcon.colcon_core.package_identification:_identify(.) by extensions ['ignore', 'ignore_ament_install']
[2.711s] Level 1:colcon.colcon_core.package_identification:_identify(.) by extension 'ignore'
[2.711s] Level 1:colcon.colcon_core.package_identification:_identify(.) by extension 'ignore_ament_install'
[2.711s] Level 1:colcon.colcon_core.package_identification:_identify(.) by extensions ['colcon_pkg']
[2.711s] Level 1:colcon.colcon_core.package_identification:_identify(.) by extension 'colcon_pkg'
[2.711s] Level 1:colcon.colcon_core.package_identification:_identify(.) by extensions ['colcon_meta']
[2.711s] Level 1:colcon.colcon_core.package_identification:_identify(.) by extension 'colcon_meta'
[2.711s] Level 1:colcon.colcon_core.package_identification:_identify(.) by extensions ['ros']
[2.711s] Level 1:colcon.colcon_core.package_identification:_identify(.) by extension 'ros'
[2.798s] Level 1:colcon.colcon_core.package_identification:_identify(.) by extensions ['cmake', 'python']
[2.798s] Level 1:colcon.colcon_core.package_identification:_identify(.) by extension 'cmake'
[2.798s] Level 1:colcon.colcon_core.package_identification:_identify(.) by extension 'python'
[2.798s] Level 1:colcon.colcon_core.package_identification:_identify(.) by extensions ['python_setup_py']
[2.798s] Level 1:colcon.colcon_core.package_identification:_identify(.) by extension 'python_setup_py'
[2.815s] Level 1:colcon.colcon_core.package_identification:_identify(build) by extensions ['ignore', 'ignore_ament_install']
[2.815s] Level 1:colcon.colcon_core.package_identification:_identify(build) by extension 'ignore'
[2.815s] Level 1:colcon.colcon_core.package_identification:_identify(build) ignored
[2.816s] Level 1:colcon.colcon_core.package_identification:_identify(install) by extensions ['ignore', 'ignore_ament_install']
[2.816s] Level 1:colcon.colcon_core.package_identification:_identify(install) by extension 'ignore'
[2.816s] Level 1:colcon.colcon_core.package_identification:_identify(install) ignored
[2.816s] Level 1:colcon.colcon_core.package_identification:_identify(log) by extensions ['ignore', 'ignore_ament_install']
[2.816s] Level 1:colcon.colcon_core.package_identification:_identify(log) by extension 'ignore'
[2.817s] Level 1:colcon.colcon_core.package_identification:_identify(log) ignored
[2.817s] Level 1:colcon.colcon_core.package_identification:_identify(src) by extensions ['ignore', 'ignore_ament_install']
[2.817s] Level 1:colcon.colcon_core.package_identification:_identify(src) by extension 'ignore'
[2.817s] Level 1:colcon.colcon_core.package_identification:_identify(src) by extension 'ignore_ament_install'
[2.817s] Level 1:colcon.colcon_core.package_identification:_identify(src) by extensions ['colcon_pkg']
[2.817s] Level 1:colcon.colcon_core.package_identification:_identify(src) by extension 'colcon_pkg'
[2.817s] Level 1:colcon.colcon_core.package_identification:_identify(src) by extensions ['colcon_meta']
[2.817s] Level 1:colcon.colcon_core.package_identification:_identify(src) by extension 'colcon_meta'
[2.818s] Level 1:colcon.colcon_core.package_identification:_identify(src) by extensions ['ros']
[2.818s] Level 1:colcon.colcon_core.package_identification:_identify(src) by extension 'ros'
[2.818s] Level 1:colcon.colcon_core.package_identification:_identify(src) by extensions ['cmake', 'python']
[2.818s] Level 1:colcon.colcon_core.package_identification:_identify(src) by extension 'cmake'
[2.818s] Level 1:colcon.colcon_core.package_identification:_identify(src) by extension 'python'
[2.818s] Level 1:colcon.colcon_core.package_identification:_identify(src) by extensions ['python_setup_py']
[2.818s] Level 1:colcon.colcon_core.package_identification:_identify(src) by extension 'python_setup_py'
[2.818s] Level 1:colcon.colcon_core.package_identification:_identify(src/my_bot) by extensions ['ignore', 'ignore_ament_install']
[2.819s] Level 1:colcon.colcon_core.package_identification:_identify(src/my_bot) by extension 'ignore'
[2.819s] Level 1:colcon.colcon_core.package_identification:_identify(src/my_bot) by extension 'ignore_ament_install'
[2.819s] Level 1:colcon.colcon_core.package_identification:_identify(src/my_bot) by extensions ['colcon_pkg']
[2.819s] Level 1:colcon.colcon_core.package_identification:_identify(src/my_bot) by extension 'colcon_pkg'
[2.819s] Level 1:colcon.colcon_core.package_identification:_identify(src/my_bot) by extensions ['colcon_meta']
[2.819s] Level 1:colcon.colcon_core.package_identification:_identify(src/my_bot) by extension 'colcon_meta'
[2.819s] Level 1:colcon.colcon_core.package_identification:_identify(src/my_bot) by extensions ['ros']
[2.819s] Level 1:colcon.colcon_core.package_identification:_identify(src/my_bot) by extension 'ros'
[2.837s] DEBUG:colcon.colcon_core.package_identification:Package 'src/my_bot' with type 'ros.ament_cmake' and name 'my_bot'
[2.838s] Level 1:colcon.colcon_core.package_discovery:discover_packages(recursive) using defaults
[2.838s] Level 1:colcon.colcon_core.package_discovery:discover_packages(ignore) discover
[2.838s] Level 1:colcon.colcon_core.package_discovery:discover_packages(ignore) using defaults
[2.838s] Level 1:colcon.colcon_core.package_discovery:discover_packages(path) discover
[2.838s] Level 1:colcon.colcon_core.package_discovery:discover_packages(path) using defaults
[2.982s] Level 1:colcon.colcon_core.package_discovery:discover_packages(prefix_path) check parameters
[2.982s] Level 1:colcon.colcon_core.package_discovery:discover_packages(prefix_path) discover
[3.010s] DEBUG:colcon.colcon_installed_package_information.package_discovery:Found 1 installed packages in /home/serik/allur_ws/install
[3.063s] DEBUG:colcon.colcon_installed_package_information.package_discovery:Found 300 installed packages in /opt/ros/foxy
[3.077s] Level 1:colcon.colcon_core.package_discovery:discover_packages(prefix_path) using defaults
[5.540s] Level 5:colcon.colcon_core.verb:set package 'my_bot' build argument 'cmake_args' from command line to 'None'
[5.540s] Level 5:colcon.colcon_core.verb:set package 'my_bot' build argument 'cmake_target' from command line to 'None'
[5.540s] Level 5:colcon.colcon_core.verb:set package 'my_bot' build argument 'cmake_target_skip_unavailable' from command line to 'False'
[5.540s] Level 5:colcon.colcon_core.verb:set package 'my_bot' build argument 'cmake_clean_cache' from command line to 'False'
[5.540s] Level 5:colcon.colcon_core.verb:set package 'my_bot' build argument 'cmake_clean_first' from command line to 'False'
[5.540s] Level 5:colcon.colcon_core.verb:set package 'my_bot' build argument 'cmake_force_configure' from command line to 'False'
[5.540s] Level 5:colcon.colcon_core.verb:set package 'my_bot' build argument 'ament_cmake_args' from command line to 'None'
[5.540s] Level 5:colcon.colcon_core.verb:set package 'my_bot' build argument 'catkin_cmake_args' from command line to 'None'
[5.540s] Level 5:colcon.colcon_core.verb:set package 'my_bot' build argument 'catkin_skip_building_tests' from command line to 'False'
[5.540s] DEBUG:colcon.colcon_core.verb:Building package 'my_bot' with the following arguments: {'ament_cmake_args': None, 'build_base': '/home/serik/allur_ws/build/my_bot', 'catkin_cmake_args': None, 'catkin_skip_building_tests': False, 'cmake_args': None, 'cmake_clean_cache': False, 'cmake_clean_first': False, 'cmake_force_configure': False, 'cmake_target': None, 'cmake_target_skip_unavailable': False, 'install_base': '/home/serik/allur_ws/install/my_bot', 'merge_install': False, 'path': '/home/serik/allur_ws/src/my_bot', 'symlink_install': False, 'test_result_base': None}
[5.541s] INFO:colcon.colcon_core.executor:Executing jobs using 'parallel' executor
[5.542s] DEBUG:colcon.colcon_parallel_executor.executor.parallel:run_until_complete
[5.543s] INFO:colcon.colcon_ros.task.ament_cmake.build:Building ROS package in '/home/serik/allur_ws/src/my_bot' with build type 'ament_cmake'
[5.543s] INFO:colcon.colcon_cmake.task.cmake.build:Building CMake package in '/home/serik/allur_ws/src/my_bot'
[5.546s] INFO:colcon.colcon_core.plugin_system:Skipping extension 'colcon_core.shell.bat': Not used on non-Windows systems
[5.547s] INFO:colcon.colcon_core.shell:Skip shell extension 'powershell' for command environment: Not usable outside of PowerShell
[5.547s] DEBUG:colcon.colcon_core.shell:Skip shell extension 'dsv' for command environment
[5.607s] DEBUG:colcon.colcon_core.event_handler.log_command:Invoking command in '/home/serik/allur_ws/build/my_bot': CMAKE_PREFIX_PATH=${CMAKE_PREFIX_PATH}:/opt/ros/foxy /usr/bin/cmake --build /home/serik/allur_ws/build/my_bot -- -j4 -l4
[5.894s] DEBUG:colcon.colcon_core.event_handler.log_command:Invoked command in '/home/serik/allur_ws/build/my_bot' returned '0': CMAKE_PREFIX_PATH=${CMAKE_PREFIX_PATH}:/opt/ros/foxy /usr/bin/cmake --build /home/serik/allur_ws/build/my_bot -- -j4 -l4
[6.042s] DEBUG:colcon.colcon_core.event_handler.log_command:Invoking command in '/home/serik/allur_ws/build/my_bot': CMAKE_PREFIX_PATH=${CMAKE_PREFIX_PATH}:/opt/ros/foxy /usr/bin/cmake --install /home/serik/allur_ws/build/my_bot
[6.121s] Level 1:colcon.colcon_core.environment:create_environment_scripts_only(my_bot)
[6.122s] DEBUG:colcon.colcon_core.event_handler.log_command:Invoked command in '/home/serik/allur_ws/build/my_bot' returned '0': CMAKE_PREFIX_PATH=${CMAKE_PREFIX_PATH}:/opt/ros/foxy /usr/bin/cmake --install /home/serik/allur_ws/build/my_bot
[6.126s] Level 1:colcon.colcon_core.environment:checking '/home/serik/allur_ws/install/my_bot' for CMake module files
[6.142s] Level 1:colcon.colcon_core.environment:checking '/home/serik/allur_ws/install/my_bot' for CMake config files
[6.181s] Level 1:colcon.colcon_core.shell:create_environment_hook('my_bot', 'cmake_prefix_path')
[6.181s] INFO:colcon.colcon_core.shell:Creating environment hook '/home/serik/allur_ws/install/my_bot/share/my_bot/hook/cmake_prefix_path.ps1'
[6.183s] INFO:colcon.colcon_core.shell:Creating environment descriptor '/home/serik/allur_ws/install/my_bot/share/my_bot/hook/cmake_prefix_path.dsv'
[6.183s] INFO:colcon.colcon_core.shell:Creating environment hook '/home/serik/allur_ws/install/my_bot/share/my_bot/hook/cmake_prefix_path.sh'
[6.185s] Level 1:colcon.colcon_core.environment:checking '/home/serik/allur_ws/install/my_bot/bin'
[6.185s] Level 1:colcon.colcon_core.environment:checking '/home/serik/allur_ws/install/my_bot/lib/pkgconfig/my_bot.pc'
[6.185s] Level 1:colcon.colcon_core.environment:checking '/home/serik/allur_ws/install/my_bot/lib/python3.8/site-packages'
[6.186s] Level 1:colcon.colcon_core.environment:checking '/home/serik/allur_ws/install/my_bot/bin'
[6.186s] INFO:colcon.colcon_core.shell:Creating package script '/home/serik/allur_ws/install/my_bot/share/my_bot/package.ps1'
[6.187s] INFO:colcon.colcon_core.shell:Creating package descriptor '/home/serik/allur_ws/install/my_bot/share/my_bot/package.dsv'
[6.188s] INFO:colcon.colcon_core.shell:Creating package script '/home/serik/allur_ws/install/my_bot/share/my_bot/package.sh'
[6.189s] INFO:colcon.colcon_core.shell:Creating package script '/home/serik/allur_ws/install/my_bot/share/my_bot/package.bash'
[6.190s] INFO:colcon.colcon_core.shell:Creating package script '/home/serik/allur_ws/install/my_bot/share/my_bot/package.zsh'
[6.192s] Level 1:colcon.colcon_core.environment:create_file_with_runtime_dependencies(/home/serik/allur_ws/install/my_bot/share/colcon-core/packages/my_bot)
[6.236s] Level 1:colcon.colcon_core.environment:create_environment_scripts_only(my_bot)
[6.237s] Level 1:colcon.colcon_core.environment:checking '/home/serik/allur_ws/install/my_bot' for CMake module files
[6.238s] Level 1:colcon.colcon_core.environment:checking '/home/serik/allur_ws/install/my_bot' for CMake config files
[6.239s] Level 1:colcon.colcon_core.shell:create_environment_hook('my_bot', 'cmake_prefix_path')
[6.239s] INFO:colcon.colcon_core.shell:Creating environment hook '/home/serik/allur_ws/install/my_bot/share/my_bot/hook/cmake_prefix_path.ps1'
[6.240s] INFO:colcon.colcon_core.shell:Creating environment descriptor '/home/serik/allur_ws/install/my_bot/share/my_bot/hook/cmake_prefix_path.dsv'
[6.241s] INFO:colcon.colcon_core.shell:Creating environment hook '/home/serik/allur_ws/install/my_bot/share/my_bot/hook/cmake_prefix_path.sh'
[6.242s] Level 1:colcon.colcon_core.environment:checking '/home/serik/allur_ws/install/my_bot/bin'
[6.242s] Level 1:colcon.colcon_core.environment:checking '/home/serik/allur_ws/install/my_bot/lib/pkgconfig/my_bot.pc'
[6.242s] Level 1:colcon.colcon_core.environment:checking '/home/serik/allur_ws/install/my_bot/lib/python3.8/site-packages'
[6.243s] Level 1:colcon.colcon_core.environment:checking '/home/serik/allur_ws/install/my_bot/bin'
[6.243s] INFO:colcon.colcon_core.shell:Creating package script '/home/serik/allur_ws/install/my_bot/share/my_bot/package.ps1'
[6.245s] INFO:colcon.colcon_core.shell:Creating package descriptor '/home/serik/allur_ws/install/my_bot/share/my_bot/package.dsv'
[6.246s] INFO:colcon.colcon_core.shell:Creating package script '/home/serik/allur_ws/install/my_bot/share/my_bot/package.sh'
[6.246s] INFO:colcon.colcon_core.shell:Creating package script '/home/serik/allur_ws/install/my_bot/share/my_bot/package.bash'
[6.247s] INFO:colcon.colcon_core.shell:Creating package script '/home/serik/allur_ws/install/my_bot/share/my_bot/package.zsh'
[6.248s] Level 1:colcon.colcon_core.environment:create_file_with_runtime_dependencies(/home/serik/allur_ws/install/my_bot/share/colcon-core/packages/my_bot)
[6.248s] DEBUG:colcon.colcon_parallel_executor.executor.parallel:closing loop
[6.249s] DEBUG:colcon.colcon_parallel_executor.executor.parallel:loop closed
[6.249s] DEBUG:colcon.colcon_parallel_executor.executor.parallel:run_until_complete finished with '0'
[6.249s] DEBUG:colcon.colcon_core.event_reactor:joining thread
[6.259s] INFO:colcon.colcon_core.plugin_system:Skipping extension 'colcon_notification.desktop_notification.terminal_notifier': Not used on non-Darwin systems
[6.259s] INFO:colcon.colcon_core.plugin_system:Skipping extension 'colcon_notification.desktop_notification.win32': Not used on non-Windows systems
[6.259s] INFO:colcon.colcon_notification.desktop_notification:Sending desktop notification using 'notify2'
[6.284s] DEBUG:colcon.colcon_core.event_reactor:joined thread
[6.285s] INFO:colcon.colcon_core.shell:Creating prefix script '/home/serik/allur_ws/install/local_setup.ps1'
[6.287s] INFO:colcon.colcon_core.shell:Creating prefix util module '/home/serik/allur_ws/install/_local_setup_util_ps1.py'
[6.290s] INFO:colcon.colcon_core.shell:Creating prefix chain script '/home/serik/allur_ws/install/setup.ps1'
[6.292s] INFO:colcon.colcon_core.shell:Creating prefix script '/home/serik/allur_ws/install/local_setup.sh'
[6.293s] INFO:colcon.colcon_core.shell:Creating prefix util module '/home/serik/allur_ws/install/_local_setup_util_sh.py'
[6.294s] INFO:colcon.colcon_core.shell:Creating prefix chain script '/home/serik/allur_ws/install/setup.sh'
[6.296s] INFO:colcon.colcon_core.shell:Creating prefix script '/home/serik/allur_ws/install/local_setup.bash'
[6.297s] INFO:colcon.colcon_core.shell:Creating prefix chain script '/home/serik/allur_ws/install/setup.bash'
[6.298s] INFO:colcon.colcon_core.shell:Creating prefix script '/home/serik/allur_ws/install/local_setup.zsh'
[6.303s] INFO:colcon.colcon_core.shell:Creating prefix chain script '/home/serik/allur_ws/install/setup.zsh'
