[0.120s] Invoking command in '/home/serik/allur_ws/build/my_bot': CMAKE_PREFIX_PATH=${CMAKE_PREFIX_PATH}:/opt/ros/foxy /usr/bin/cmake --build /home/serik/allur_ws/build/my_bot -- -j4 -l4
[0.842s] Invoked command in '/home/serik/allur_ws/build/my_bot' returned '0': CMAKE_PREFIX_PATH=${CMAKE_PREFIX_PATH}:/opt/ros/foxy /usr/bin/cmake --build /home/serik/allur_ws/build/my_bot -- -j4 -l4
[0.904s] Invoking command in '/home/serik/allur_ws/build/my_bot': CMAKE_PREFIX_PATH=${CMAKE_PREFIX_PATH}:/opt/ros/foxy /usr/bin/cmake --install /home/serik/allur_ws/build/my_bot
[0.922s] -- Install configuration: ""
[0.924s] -- Up-to-date: /home/serik/allur_ws/install/my_bot/share/my_bot/config
[0.925s] -- Up-to-date: /home/serik/allur_ws/install/my_bot/share/my_bot/config/drive_bot.rviz
[0.925s] -- Up-to-date: /home/serik/allur_ws/install/my_bot/share/my_bot/config/empty.yaml
[0.926s] -- Up-to-date: /home/serik/allur_ws/install/my_bot/share/my_bot/config/twist_mux.yaml
[0.927s] -- Up-to-date: /home/serik/allur_ws/install/my_bot/share/my_bot/config/mapper_params_online_async.yaml
[0.928s] -- Up-to-date: /home/serik/allur_ws/install/my_bot/share/my_bot/config/view_bot.rviz
[0.929s] -- Up-to-date: /home/serik/allur_ws/install/my_bot/share/my_bot/config/my_controllers.yaml
[0.930s] -- Up-to-date: /home/serik/allur_ws/install/my_bot/share/my_bot/config/nav2_params.yaml
[0.931s] -- Up-to-date: /home/serik/allur_ws/install/my_bot/share/my_bot/config/gazebo_params.yaml
[0.932s] -- Up-to-date: /home/serik/allur_ws/install/my_bot/share/my_bot/description
[0.932s] -- Up-to-date: /home/serik/allur_ws/install/my_bot/share/my_bot/description/robot.urdf.xacro
[0.933s] -- Up-to-date: /home/serik/allur_ws/install/my_bot/share/my_bot/description/lidar.xacro
[0.933s] -- Up-to-date: /home/serik/allur_ws/install/my_bot/share/my_bot/description/inertial_macros.xacro
[0.933s] -- Up-to-date: /home/serik/allur_ws/install/my_bot/share/my_bot/description/ros2_control.xacro
[0.934s] -- Installing: /home/serik/allur_ws/install/my_bot/share/my_bot/description/robot_core.xacro
[0.934s] -- Up-to-date: /home/serik/allur_ws/install/my_bot/share/my_bot/description/gazebo_control.xacro
[0.934s] -- Up-to-date: /home/serik/allur_ws/install/my_bot/share/my_bot/launch
[0.934s] -- Up-to-date: /home/serik/allur_ws/install/my_bot/share/my_bot/launch/launch_robot.launch.py
[0.935s] -- Up-to-date: /home/serik/allur_ws/install/my_bot/share/my_bot/launch/rsp.launch.py
[0.935s] -- Up-to-date: /home/serik/allur_ws/install/my_bot/share/my_bot/launch/rplidar.launch.py
[0.935s] -- Up-to-date: /home/serik/allur_ws/install/my_bot/share/my_bot/launch/localization_launch.py
[0.935s] -- Up-to-date: /home/serik/allur_ws/install/my_bot/share/my_bot/launch/navigation_launch.py
[0.935s] -- Up-to-date: /home/serik/allur_ws/install/my_bot/share/my_bot/launch/launch_sim.launch.py
[0.936s] -- Up-to-date: /home/serik/allur_ws/install/my_bot/share/my_bot/worlds
[0.936s] -- Up-to-date: /home/serik/allur_ws/install/my_bot/share/my_bot/worlds/empty.world
[0.936s] -- Up-to-date: /home/serik/allur_ws/install/my_bot/share/my_bot/worlds/serik.world
[0.937s] -- Up-to-date: /home/serik/allur_ws/install/my_bot/share/ament_index/resource_index/package_run_dependencies/my_bot
[0.937s] -- Up-to-date: /home/serik/allur_ws/install/my_bot/share/ament_index/resource_index/parent_prefix_path/my_bot
[0.937s] -- Up-to-date: /home/serik/allur_ws/install/my_bot/share/my_bot/environment/ament_prefix_path.sh
[0.937s] -- Up-to-date: /home/serik/allur_ws/install/my_bot/share/my_bot/environment/ament_prefix_path.dsv
[0.938s] -- Up-to-date: /home/serik/allur_ws/install/my_bot/share/my_bot/environment/path.sh
[0.938s] -- Up-to-date: /home/serik/allur_ws/install/my_bot/share/my_bot/environment/path.dsv
[0.938s] -- Up-to-date: /home/serik/allur_ws/install/my_bot/share/my_bot/local_setup.bash
[0.938s] -- Up-to-date: /home/serik/allur_ws/install/my_bot/share/my_bot/local_setup.sh
[0.939s] -- Up-to-date: /home/serik/allur_ws/install/my_bot/share/my_bot/local_setup.zsh
[0.939s] -- Up-to-date: /home/serik/allur_ws/install/my_bot/share/my_bot/local_setup.dsv
[0.939s] -- Installing: /home/serik/allur_ws/install/my_bot/share/my_bot/package.dsv
[0.940s] -- Up-to-date: /home/serik/allur_ws/install/my_bot/share/ament_index/resource_index/packages/my_bot
[0.940s] -- Up-to-date: /home/serik/allur_ws/install/my_bot/share/my_bot/cmake/my_botConfig.cmake
[0.941s] -- Up-to-date: /home/serik/allur_ws/install/my_bot/share/my_bot/cmake/my_botConfig-version.cmake
[0.942s] -- Up-to-date: /home/serik/allur_ws/install/my_bot/share/my_bot/package.xml
[0.942s] Invoked command in '/home/serik/allur_ws/build/my_bot' returned '0': CMAKE_PREFIX_PATH=${CMAKE_PREFIX_PATH}:/opt/ros/foxy /usr/bin/cmake --install /home/serik/allur_ws/build/my_bot
