[0.020s] Invoking command in '/home/serik/allur_ws/build/my_bot': /usr/bin/cmake /home/serik/allur_ws/src/my_bot -DCMAKE_INSTALL_PREFIX=/home/serik/allur_ws/install/my_bot
[0.059s] CMake Error at CMakeLists.txt:19 (find_package):
[0.059s]   By not providing "Findament_cmake.cmake" in CMAKE_MODULE_PATH this project
[0.059s]   has asked CMake to find a package configuration file provided by
[0.059s]   "ament_cmake", but CMake did not find one.
[0.059s] 
[0.059s]   Could not find a package configuration file provided by "ament_cmake" with
[0.059s]   any of the following names:
[0.060s] 
[0.060s]     ament_cmakeConfig.cmake
[0.060s]     ament_cmake-config.cmake
[0.060s] 
[0.060s]   Add the installation prefix of "ament_cmake" to CMAKE_PREFIX_PATH or set
[0.060s]   "ament_cmake_DIR" to a directory containing one of the above files.  If
[0.060s]   "ament_cmake" provides a separate development package or SDK, be sure it
[0.060s]   has been installed.
[0.060s] 
[0.061s] 
[0.061s] -- Configuring incomplete, errors occurred!
[0.061s] See also "/home/serik/allur_ws/build/my_bot/CMakeFiles/CMakeOutput.log".
[0.062s] Invoked command in '/home/serik/allur_ws/build/my_bot' returned '1': /usr/bin/cmake /home/serik/allur_ws/src/my_bot -DCMAKE_INSTALL_PREFIX=/home/serik/allur_ws/install/my_bot
