[0.026s] Invoking command in '/home/serik/allur_ws/build/my_bot': CMAKE_PREFIX_PATH=${CMAKE_PREFIX_PATH}:/opt/ros/foxy /usr/bin/cmake --build /home/serik/allur_ws/build/my_bot -- -j4 -l4
[0.108s] Invoked command in '/home/serik/allur_ws/build/my_bot' returned '0': CMAKE_PREFIX_PATH=${CMAKE_PREFIX_PATH}:/opt/ros/foxy /usr/bin/cmake --build /home/serik/allur_ws/build/my_bot -- -j4 -l4
[0.174s] Invoking command in '/home/serik/allur_ws/build/my_bot': CMAKE_PREFIX_PATH=${CMAKE_PREFIX_PATH}:/opt/ros/foxy /usr/bin/cmake --install /home/serik/allur_ws/build/my_bot
[0.195s] -- Install configuration: ""
[0.195s] -- Up-to-date: /home/serik/allur_ws/install/my_bot/share/my_bot/config
[0.198s] -- Up-to-date: /home/serik/allur_ws/install/my_bot/share/my_bot/config/drive_bot.rviz
[0.198s] -- Up-to-date: /home/serik/allur_ws/install/my_bot/share/my_bot/config/empty.yaml
[0.198s] -- Up-to-date: /home/serik/allur_ws/install/my_bot/share/my_bot/config/twist_mux.yaml
[0.198s] -- Up-to-date: /home/serik/allur_ws/install/my_bot/share/my_bot/config/mapper_params_online_async.yaml
[0.199s] -- Up-to-date: /home/serik/allur_ws/install/my_bot/share/my_bot/config/view_bot.rviz
[0.199s] -- Up-to-date: /home/serik/allur_ws/install/my_bot/share/my_bot/config/my_controllers.yaml
[0.199s] -- Up-to-date: /home/serik/allur_ws/install/my_bot/share/my_bot/config/nav2_params.yaml
[0.199s] -- Up-to-date: /home/serik/allur_ws/install/my_bot/share/my_bot/config/gazebo_params.yaml
[0.199s] -- Up-to-date: /home/serik/allur_ws/install/my_bot/share/my_bot/description
[0.200s] -- Up-to-date: /home/serik/allur_ws/install/my_bot/share/my_bot/description/robot.urdf.xacro
[0.200s] -- Up-to-date: /home/serik/allur_ws/install/my_bot/share/my_bot/description/lidar.xacro
[0.200s] -- Installing: /home/serik/allur_ws/install/my_bot/share/my_bot/description/inertial_macros.xacro
[0.200s] -- Up-to-date: /home/serik/allur_ws/install/my_bot/share/my_bot/description/ros2_control.xacro
[0.200s] -- Up-to-date: /home/serik/allur_ws/install/my_bot/share/my_bot/description/robot_core.xacro
[0.200s] -- Up-to-date: /home/serik/allur_ws/install/my_bot/share/my_bot/description/gazebo_control.xacro
[0.200s] -- Up-to-date: /home/serik/allur_ws/install/my_bot/share/my_bot/launch
[0.201s] -- Up-to-date: /home/serik/allur_ws/install/my_bot/share/my_bot/launch/launch_robot.launch.py
[0.201s] -- Up-to-date: /home/serik/allur_ws/install/my_bot/share/my_bot/launch/rsp.launch.py
[0.201s] -- Up-to-date: /home/serik/allur_ws/install/my_bot/share/my_bot/launch/rplidar.launch.py
[0.201s] -- Up-to-date: /home/serik/allur_ws/install/my_bot/share/my_bot/launch/localization_launch.py
[0.210s] -- Up-to-date: /home/serik/allur_ws/install/my_bot/share/my_bot/launch/navigation_launch.py
[0.211s] -- Up-to-date: /home/serik/allur_ws/install/my_bot/share/my_bot/launch/launch_sim.launch.py
[0.212s] -- Up-to-date: /home/serik/allur_ws/install/my_bot/share/my_bot/worlds
[0.212s] -- Up-to-date: /home/serik/allur_ws/install/my_bot/share/my_bot/worlds/empty.world
[0.213s] -- Up-to-date: /home/serik/allur_ws/install/my_bot/share/my_bot/worlds/serik.world
[0.213s] -- Up-to-date: /home/serik/allur_ws/install/my_bot/share/ament_index/resource_index/package_run_dependencies/my_bot
[0.213s] -- Up-to-date: /home/serik/allur_ws/install/my_bot/share/ament_index/resource_index/parent_prefix_path/my_bot
[0.214s] -- Up-to-date: /home/serik/allur_ws/install/my_bot/share/my_bot/environment/ament_prefix_path.sh
[0.214s] -- Up-to-date: /home/serik/allur_ws/install/my_bot/share/my_bot/environment/ament_prefix_path.dsv
[0.214s] -- Up-to-date: /home/serik/allur_ws/install/my_bot/share/my_bot/environment/path.sh
[0.215s] -- Up-to-date: /home/serik/allur_ws/install/my_bot/share/my_bot/environment/path.dsv
[0.215s] -- Up-to-date: /home/serik/allur_ws/install/my_bot/share/my_bot/local_setup.bash
[0.215s] -- Up-to-date: /home/serik/allur_ws/install/my_bot/share/my_bot/local_setup.sh
[0.216s] -- Up-to-date: /home/serik/allur_ws/install/my_bot/share/my_bot/local_setup.zsh
[0.216s] -- Up-to-date: /home/serik/allur_ws/install/my_bot/share/my_bot/local_setup.dsv
[0.216s] -- Installing: /home/serik/allur_ws/install/my_bot/share/my_bot/package.dsv
[0.216s] -- Up-to-date: /home/serik/allur_ws/install/my_bot/share/ament_index/resource_index/packages/my_bot
[0.216s] -- Up-to-date: /home/serik/allur_ws/install/my_bot/share/my_bot/cmake/my_botConfig.cmake
[0.216s] -- Up-to-date: /home/serik/allur_ws/install/my_bot/share/my_bot/cmake/my_botConfig-version.cmake
[0.216s] -- Up-to-date: /home/serik/allur_ws/install/my_bot/share/my_bot/package.xml
[0.217s] Invoked command in '/home/serik/allur_ws/build/my_bot' returned '0': CMAKE_PREFIX_PATH=${CMAKE_PREFIX_PATH}:/opt/ros/foxy /usr/bin/cmake --install /home/serik/allur_ws/build/my_bot
